<?xml version="1.0" encoding="UTF-8"?>
<testsuite xmlns:xsi="http://www.w3.org/2001/XMLSchema-instance" xsi:noNamespaceSchemaLocation="https://maven.apache.org/surefire/maven-surefire-plugin/xsd/surefire-test-report.xsd" name="nl.minor.clsd.application.AccountServiceTest" time="2.005" tests="6" errors="0" skipped="0" failures="0">
  <properties>
[...]
</properties>
  <testcase name="save_account_failed" classname="nl.minor.clsd.application.AccountServiceTest" time="1.756"/>
  <testcase name="throw_correct_exception_when_iban_not_found" classname="nl.minor.clsd.application.AccountServiceTest" time="0.004"/>
  <testcase name="find_accounts_by_holder" classname="nl.minor.clsd.application.AccountServiceTest" time="0.194"/>
  <testcase name="find_account_by_iban" classname="nl.minor.clsd.application.AccountServiceTest" time="0.016"/>
  <testcase name="save_account" classname="nl.minor.clsd.application.AccountServiceTest" time="0.006"/>
  <testcase name="save_account_already_exists" classname="nl.minor.clsd.application.AccountServiceTest" time="0.005"/>
</testsuite>